<?xml version="1.0" encoding="UTF-8"?>
<testng-results ignored="0" total="1" passed="1" failed="0" skipped="0">
  <reporter-output>
    <line>
      <![CDATA[Read properties from:config.properties]]>
    </line>
    <line>
      <![CDATA[Open Chrome Browser in Local System]]>
    </line>
    <line>
      <![CDATA[Enter the URL:https://pos.aksharatraining.in/pos/public/#]]>
    </line>
    <line>
      <![CDATA[Maximize the browser]]>
    </line>
    <line>
      <![CDATA[Set ITO:12]]>
    </line>
    <line>
      <![CDATA[Set ETO:7]]>
    </line>
    <line>
      <![CDATA[Error Message is Displayed:Invalid username and/or password.]]>
    </line>
    <line>
      <![CDATA[Close the browser]]>
    </line>
  </reporter-output>
  <suite started-at="2024-12-05T19:35:05 IST" name="Default suite" finished-at="2024-12-05T19:35:13 IST" duration-ms="8628">
    <groups>
      <group name="login">
        <method signature="InvalidLogin.testInvalidLogin()[pri:2, instance:script.InvalidLogin@f9d87b]" name="testInvalidLogin" class="script.InvalidLogin"/>
      </group> <!-- login -->
    </groups>
    <test started-at="2024-12-05T19:35:05 IST" name="Default test" finished-at="2024-12-05T19:35:13 IST" duration-ms="8628">
      <class name="script.InvalidLogin">
        <test-method is-config="true" signature="preCondition(java.lang.String)[pri:0, instance:script.InvalidLogin@f9d87b]" started-at="2024-12-05T19:35:05 IST" name="preCondition" finished-at="2024-12-05T19:35:10 IST" duration-ms="4622" status="PASS">
          <params>
            <param index="0">
              <value>
                <![CDATA[config.properties]]>
              </value>
            </param>
          </params>
          <reporter-output>
            <line>
              <![CDATA[Read properties from:config.properties]]>
            </line>
            <line>
              <![CDATA[Open Chrome Browser in Local System]]>
            </line>
            <line>
              <![CDATA[Enter the URL:https://pos.aksharatraining.in/pos/public/#]]>
            </line>
            <line>
              <![CDATA[Maximize the browser]]>
            </line>
            <line>
              <![CDATA[Set ITO:12]]>
            </line>
            <line>
              <![CDATA[Set ETO:7]]>
            </line>
          </reporter-output>
        </test-method> <!-- preCondition -->
        <test-method signature="testInvalidLogin()[pri:2, instance:script.InvalidLogin@f9d87b]" started-at="2024-12-05T19:35:10 IST" name="testInvalidLogin" finished-at="2024-12-05T19:35:13 IST" duration-ms="3503" status="PASS">
          <reporter-output>
            <line>
              <![CDATA[Error Message is Displayed:Invalid username and/or password.]]>
            </line>
          </reporter-output>
        </test-method> <!-- testInvalidLogin -->
        <test-method is-config="true" signature="postCondition()[pri:0, instance:script.InvalidLogin@f9d87b]" started-at="2024-12-05T19:35:13 IST" name="postCondition" finished-at="2024-12-05T19:35:13 IST" duration-ms="340" status="PASS">
          <reporter-output>
            <line>
              <![CDATA[Close the browser]]>
            </line>
          </reporter-output>
        </test-method> <!-- postCondition -->
      </class> <!-- script.InvalidLogin -->
    </test> <!-- Default test -->
  </suite> <!-- Default suite -->
</testng-results>
