<?xml version="1.0" encoding="UTF-8"?>
<testng-results ignored="0" total="1" passed="1" failed="0" skipped="0">
  <reporter-output>
    <line>
      <![CDATA[Read properties from:config.properties]]>
    </line>
    <line>
      <![CDATA[Open Chrome Browser in Local System]]>
    </line>
    <line>
      <![CDATA[Enter the URL:https://pos.aksharatraining.in/pos/public/#]]>
    </line>
    <line>
      <![CDATA[Maximize the browser]]>
    </line>
    <line>
      <![CDATA[Set ITO:12]]>
    </line>
    <line>
      <![CDATA[Set ETO:7]]>
    </line>
    <line>
      <![CDATA[HomePage is Displayed]]>
    </line>
    <line>
      <![CDATA[Close the browser]]>
    </line>
  </reporter-output>
  <suite started-at="2024-12-05T19:10:53 IST" name="Default suite" finished-at="2024-12-05T19:11:05 IST" duration-ms="12086">
    <groups>
      <group name="login">
        <method signature="ValidLogin.testValidLogin()[pri:1, instance:script.ValidLogin@128d2484]" name="testValidLogin" class="script.ValidLogin"/>
      </group> <!-- login -->
    </groups>
    <test started-at="2024-12-05T19:10:53 IST" name="Default test" finished-at="2024-12-05T19:11:05 IST" duration-ms="12086">
      <class name="script.ValidLogin">
        <test-method is-config="true" signature="preCondition(java.lang.String)[pri:0, instance:script.ValidLogin@128d2484]" started-at="2024-12-05T19:10:53 IST" name="preCondition" finished-at="2024-12-05T19:11:02 IST" duration-ms="8592" status="PASS">
          <params>
            <param index="0">
              <value>
                <![CDATA[config.properties]]>
              </value>
            </param>
          </params>
          <reporter-output>
            <line>
              <![CDATA[Read properties from:config.properties]]>
            </line>
            <line>
              <![CDATA[Open Chrome Browser in Local System]]>
            </line>
            <line>
              <![CDATA[Enter the URL:https://pos.aksharatraining.in/pos/public/#]]>
            </line>
            <line>
              <![CDATA[Maximize the browser]]>
            </line>
            <line>
              <![CDATA[Set ITO:12]]>
            </line>
            <line>
              <![CDATA[Set ETO:7]]>
            </line>
          </reporter-output>
        </test-method> <!-- preCondition -->
        <test-method signature="testValidLogin()[pri:1, instance:script.ValidLogin@128d2484]" started-at="2024-12-05T19:11:02 IST" name="testValidLogin" finished-at="2024-12-05T19:11:04 IST" duration-ms="2841" status="PASS">
          <reporter-output>
            <line>
              <![CDATA[HomePage is Displayed]]>
            </line>
          </reporter-output>
        </test-method> <!-- testValidLogin -->
        <test-method is-config="true" signature="postCondition()[pri:0, instance:script.ValidLogin@128d2484]" started-at="2024-12-05T19:11:04 IST" name="postCondition" finished-at="2024-12-05T19:11:05 IST" duration-ms="550" status="PASS">
          <reporter-output>
            <line>
              <![CDATA[Close the browser]]>
            </line>
          </reporter-output>
        </test-method> <!-- postCondition -->
      </class> <!-- script.ValidLogin -->
    </test> <!-- Default test -->
  </suite> <!-- Default suite -->
</testng-results>
